<?xml version="1.0" encoding="UTF-8"?>
<testng-results ignored="0" total="1" passed="1" failed="0" skipped="0">
  <reporter-output>
  </reporter-output>
  <suite started-at="2023-03-25T20:06:14 IST" name="Suite" finished-at="2023-03-25T20:13:23 IST" duration-ms="429261">
    <groups>
    </groups>
    <test started-at="2023-03-25T20:06:14 IST" name="Test" finished-at="2023-03-25T20:13:23 IST" duration-ms="429261">
      <class name="com.practice.ExtentReportGenerate">
        <test-method is-config="true" signature="setExtent()[pri:0, instance:com.practice.ExtentReportGenerate@397fbdb]" started-at="2023-03-25T20:06:14 IST" name="setExtent" finished-at="2023-03-25T20:06:14 IST" duration-ms="238" status="PASS">
          <reporter-output>
          </reporter-output>
        </test-method> <!-- setExtent -->
        <test-method is-config="true" signature="readConfigProperties()[pri:0, instance:com.practice.ExtentReportGenerate@397fbdb]" started-at="2023-03-25T20:06:14 IST" name="readConfigProperties" finished-at="2023-03-25T20:06:14 IST" duration-ms="1" status="PASS">
          <reporter-output>
          </reporter-output>
        </test-method> <!-- readConfigProperties -->
        <test-method is-config="true" signature="setUp()[pri:0, instance:com.practice.ExtentReportGenerate@397fbdb]" started-at="2023-03-25T20:06:14 IST" name="setUp" finished-at="2023-03-25T20:06:20 IST" duration-ms="5742" status="PASS">
          <reporter-output>
          </reporter-output>
        </test-method> <!-- setUp -->
        <test-method signature="Testcase1()[pri:0, instance:com.practice.ExtentReportGenerate@397fbdb]" started-at="2023-03-25T20:06:20 IST" name="Testcase1" finished-at="2023-03-25T20:13:23 IST" duration-ms="422520" status="PASS">
          <reporter-output>
          </reporter-output>
        </test-method> <!-- Testcase1 -->
        <test-method is-config="true" signature="browserquit()[pri:0, instance:com.practice.ExtentReportGenerate@397fbdb]" started-at="2023-03-25T20:13:23 IST" name="browserquit" finished-at="2023-03-25T20:13:23 IST" duration-ms="310" status="PASS">
          <reporter-output>
          </reporter-output>
        </test-method> <!-- browserquit -->
        <test-method is-config="true" signature="endReport()[pri:0, instance:com.practice.ExtentReportGenerate@397fbdb]" started-at="2023-03-25T20:13:23 IST" name="endReport" finished-at="2023-03-25T20:13:23 IST" duration-ms="384" status="PASS">
          <reporter-output>
          </reporter-output>
        </test-method> <!-- endReport -->
      </class> <!-- com.practice.ExtentReportGenerate -->
    </test> <!-- Test -->
  </suite> <!-- Suite -->
</testng-results>
